2019-01-09 20:26:21 [scrapy.utils.log] INFO: Scrapy 1.5.1 started (bot: TencentSpider)
2019-01-09 20:26:21 [scrapy.utils.log] INFO: Versions: lxml 4.3.0.0, libxml2 2.9.5, cssselect 1.0.3, parsel 1.5.1, w3lib 1.19.0, Twisted 18.9.0, Python 2.7.15 (v2.7.15:ca079a3ea3, Apr 30 2018, 16:30:26) [MSC v.1500 64 bit (AMD64)], pyOpenSSL 18.0.0 (OpenSSL 1.1.0j  20 Nov 2018), cryptography 2.4.2, Platform Windows-10-10.0.17134
2019-01-09 20:26:21 [scrapy.crawler] INFO: Overridden settings: {'NEWSPIDER_MODULE': 'TencentSpider.spiders', 'SPIDER_MODULES': ['TencentSpider.spiders'], 'LOG_FILE': './tencentlog.log', 'LOG_LEVEL': 'INFO', 'BOT_NAME': 'TencentSpider'}
2019-01-09 20:26:21 [scrapy.middleware] INFO: Enabled extensions:
['scrapy.extensions.logstats.LogStats',
 'scrapy.extensions.telnet.TelnetConsole',
 'scrapy.extensions.corestats.CoreStats']
2019-01-09 20:26:22 [scrapy.middleware] INFO: Enabled downloader middlewares:
['scrapy.downloadermiddlewares.httpauth.HttpAuthMiddleware',
 'scrapy.downloadermiddlewares.downloadtimeout.DownloadTimeoutMiddleware',
 'scrapy.downloadermiddlewares.defaultheaders.DefaultHeadersMiddleware',
 'scrapy.downloadermiddlewares.useragent.UserAgentMiddleware',
 'scrapy.downloadermiddlewares.retry.RetryMiddleware',
 'scrapy.downloadermiddlewares.redirect.MetaRefreshMiddleware',
 'scrapy.downloadermiddlewares.httpcompression.HttpCompressionMiddleware',
 'scrapy.downloadermiddlewares.redirect.RedirectMiddleware',
 'scrapy.downloadermiddlewares.cookies.CookiesMiddleware',
 'scrapy.downloadermiddlewares.httpproxy.HttpProxyMiddleware',
 'scrapy.downloadermiddlewares.stats.DownloaderStats']
2019-01-09 20:26:22 [scrapy.middleware] INFO: Enabled spider middlewares:
['scrapy.spidermiddlewares.httperror.HttpErrorMiddleware',
 'scrapy.spidermiddlewares.offsite.OffsiteMiddleware',
 'scrapy.spidermiddlewares.referer.RefererMiddleware',
 'scrapy.spidermiddlewares.urllength.UrlLengthMiddleware',
 'scrapy.spidermiddlewares.depth.DepthMiddleware']
2019-01-09 20:26:22 [scrapy.middleware] INFO: Enabled item pipelines:
['TencentSpider.pipelines.TencentspiderPipeline']
2019-01-09 20:26:22 [scrapy.core.engine] INFO: Spider opened
2019-01-09 20:26:22 [scrapy.extensions.logstats] INFO: Crawled 0 pages (at 0 pages/min), scraped 0 items (at 0 items/min)
2019-01-09 20:26:24 [scrapy.core.scraper] ERROR: Spider error processing <GET https://hr.tencent.com/position.php?lid=&tid=&keywords=%E8%AF%B7%E8%BE%93%E5%85%A5%E5%85%B3%E9%94%AE%E8%AF%8D&start=2810#a> (referer: https://hr.tencent.com/position.php?lid=&tid=&keywords=%E8%AF%B7%E8%BE%93%E5%85%A5%E5%85%B3%E9%94%AE%E8%AF%8D&start=2860)
Traceback (most recent call last):
  File "d:\python27\lib\site-packages\scrapy\utils\defer.py", line 102, in iter_errback
    yield next(it)
  File "d:\python27\lib\site-packages\scrapy\spidermiddlewares\offsite.py", line 30, in process_spider_output
    for x in result:
  File "d:\python27\lib\site-packages\scrapy\spidermiddlewares\referer.py", line 339, in <genexpr>
    return (_set_referer(r) for r in result or ())
  File "d:\python27\lib\site-packages\scrapy\spidermiddlewares\urllength.py", line 37, in <genexpr>
    return (r for r in result or () if _filter(r))
  File "d:\python27\lib\site-packages\scrapy\spidermiddlewares\depth.py", line 58, in <genexpr>
    return (r for r in result or () if _filter(r))
  File "d:\python27\lib\site-packages\scrapy\spiders\crawl.py", line 78, in _parse_response
    for requests_or_item in iterate_spider_output(cb_res):
  File "D:\src\python-spider\2019-1-9\TencentSpider\TencentSpider\spiders\tencent.py", line 41, in parseTencent
    item['positionType'] = each.xpath("./td[2]/text()").extract()[0]
IndexError: list index out of range
2019-01-09 20:26:24 [scrapy.core.scraper] ERROR: Spider error processing <GET https://hr.tencent.com/position.php?lid=&tid=&keywords=%E8%AF%B7%E8%BE%93%E5%85%A5%E5%85%B3%E9%94%AE%E8%AF%8D&start=110#a> (referer: https://hr.tencent.com/position.php?lid=&tid=&keywords=%E8%AF%B7%E8%BE%93%E5%85%A5%E5%85%B3%E9%94%AE%E8%AF%8D&start=90)
Traceback (most recent call last):
  File "d:\python27\lib\site-packages\scrapy\utils\defer.py", line 102, in iter_errback
    yield next(it)
  File "d:\python27\lib\site-packages\scrapy\spidermiddlewares\offsite.py", line 30, in process_spider_output
    for x in result:
  File "d:\python27\lib\site-packages\scrapy\spidermiddlewares\referer.py", line 339, in <genexpr>
    return (_set_referer(r) for r in result or ())
  File "d:\python27\lib\site-packages\scrapy\spidermiddlewares\urllength.py", line 37, in <genexpr>
    return (r for r in result or () if _filter(r))
  File "d:\python27\lib\site-packages\scrapy\spidermiddlewares\depth.py", line 58, in <genexpr>
    return (r for r in result or () if _filter(r))
  File "d:\python27\lib\site-packages\scrapy\spiders\crawl.py", line 78, in _parse_response
    for requests_or_item in iterate_spider_output(cb_res):
  File "D:\src\python-spider\2019-1-9\TencentSpider\TencentSpider\spiders\tencent.py", line 41, in parseTencent
    item['positionType'] = each.xpath("./td[2]/text()").extract()[0]
IndexError: list index out of range
2019-01-09 20:26:24 [scrapy.core.scraper] ERROR: Spider error processing <GET https://hr.tencent.com/position.php?lid=&tid=&keywords=%E8%AF%B7%E8%BE%93%E5%85%A5%E5%85%B3%E9%94%AE%E8%AF%8D&start=150#a> (referer: https://hr.tencent.com/position.php?lid=&tid=&keywords=%E8%AF%B7%E8%BE%93%E5%85%A5%E5%85%B3%E9%94%AE%E8%AF%8D&start=120)
Traceback (most recent call last):
  File "d:\python27\lib\site-packages\scrapy\utils\defer.py", line 102, in iter_errback
    yield next(it)
  File "d:\python27\lib\site-packages\scrapy\spidermiddlewares\offsite.py", line 30, in process_spider_output
    for x in result:
  File "d:\python27\lib\site-packages\scrapy\spidermiddlewares\referer.py", line 339, in <genexpr>
    return (_set_referer(r) for r in result or ())
  File "d:\python27\lib\site-packages\scrapy\spidermiddlewares\urllength.py", line 37, in <genexpr>
    return (r for r in result or () if _filter(r))
  File "d:\python27\lib\site-packages\scrapy\spidermiddlewares\depth.py", line 58, in <genexpr>
    return (r for r in result or () if _filter(r))
  File "d:\python27\lib\site-packages\scrapy\spiders\crawl.py", line 78, in _parse_response
    for requests_or_item in iterate_spider_output(cb_res):
  File "D:\src\python-spider\2019-1-9\TencentSpider\TencentSpider\spiders\tencent.py", line 41, in parseTencent
    item['positionType'] = each.xpath("./td[2]/text()").extract()[0]
IndexError: list index out of range
2019-01-09 20:26:25 [scrapy.core.scraper] ERROR: Spider error processing <GET https://hr.tencent.com/position.php?lid=&tid=&keywords=%E8%AF%B7%E8%BE%93%E5%85%A5%E5%85%B3%E9%94%AE%E8%AF%8D&start=2710#a> (referer: https://hr.tencent.com/position.php?lid=&tid=&keywords=%E8%AF%B7%E8%BE%93%E5%85%A5%E5%85%B3%E9%94%AE%E8%AF%8D&start=2750)
Traceback (most recent call last):
  File "d:\python27\lib\site-packages\scrapy\utils\defer.py", line 102, in iter_errback
    yield next(it)
  File "d:\python27\lib\site-packages\scrapy\spidermiddlewares\offsite.py", line 30, in process_spider_output
    for x in result:
  File "d:\python27\lib\site-packages\scrapy\spidermiddlewares\referer.py", line 339, in <genexpr>
    return (_set_referer(r) for r in result or ())
  File "d:\python27\lib\site-packages\scrapy\spidermiddlewares\urllength.py", line 37, in <genexpr>
    return (r for r in result or () if _filter(r))
  File "d:\python27\lib\site-packages\scrapy\spidermiddlewares\depth.py", line 58, in <genexpr>
    return (r for r in result or () if _filter(r))
  File "d:\python27\lib\site-packages\scrapy\spiders\crawl.py", line 78, in _parse_response
    for requests_or_item in iterate_spider_output(cb_res):
  File "D:\src\python-spider\2019-1-9\TencentSpider\TencentSpider\spiders\tencent.py", line 41, in parseTencent
    item['positionType'] = each.xpath("./td[2]/text()").extract()[0]
IndexError: list index out of range
2019-01-09 20:26:25 [scrapy.core.scraper] ERROR: Spider error processing <GET https://hr.tencent.com/position.php?lid=&tid=&keywords=%E8%AF%B7%E8%BE%93%E5%85%A5%E5%85%B3%E9%94%AE%E8%AF%8D&start=210#a> (referer: https://hr.tencent.com/position.php?lid=&tid=&keywords=%E8%AF%B7%E8%BE%93%E5%85%A5%E5%85%B3%E9%94%AE%E8%AF%8D&start=180)
Traceback (most recent call last):
  File "d:\python27\lib\site-packages\scrapy\utils\defer.py", line 102, in iter_errback
    yield next(it)
  File "d:\python27\lib\site-packages\scrapy\spidermiddlewares\offsite.py", line 30, in process_spider_output
    for x in result:
  File "d:\python27\lib\site-packages\scrapy\spidermiddlewares\referer.py", line 339, in <genexpr>
    return (_set_referer(r) for r in result or ())
  File "d:\python27\lib\site-packages\scrapy\spidermiddlewares\urllength.py", line 37, in <genexpr>
    return (r for r in result or () if _filter(r))
  File "d:\python27\lib\site-packages\scrapy\spidermiddlewares\depth.py", line 58, in <genexpr>
    return (r for r in result or () if _filter(r))
  File "d:\python27\lib\site-packages\scrapy\spiders\crawl.py", line 78, in _parse_response
    for requests_or_item in iterate_spider_output(cb_res):
  File "D:\src\python-spider\2019-1-9\TencentSpider\TencentSpider\spiders\tencent.py", line 41, in parseTencent
    item['positionType'] = each.xpath("./td[2]/text()").extract()[0]
IndexError: list index out of range
2019-01-09 20:26:26 [scrapy.core.scraper] ERROR: Spider error processing <GET https://hr.tencent.com/position.php?lid=&tid=&keywords=%E8%AF%B7%E8%BE%93%E5%85%A5%E5%85%B3%E9%94%AE%E8%AF%8D&start=280#a> (referer: https://hr.tencent.com/position.php?lid=&tid=&keywords=%E8%AF%B7%E8%BE%93%E5%85%A5%E5%85%B3%E9%94%AE%E8%AF%8D&start=250)
Traceback (most recent call last):
  File "d:\python27\lib\site-packages\scrapy\utils\defer.py", line 102, in iter_errback
    yield next(it)
  File "d:\python27\lib\site-packages\scrapy\spidermiddlewares\offsite.py", line 30, in process_spider_output
    for x in result:
  File "d:\python27\lib\site-packages\scrapy\spidermiddlewares\referer.py", line 339, in <genexpr>
    return (_set_referer(r) for r in result or ())
  File "d:\python27\lib\site-packages\scrapy\spidermiddlewares\urllength.py", line 37, in <genexpr>
    return (r for r in result or () if _filter(r))
  File "d:\python27\lib\site-packages\scrapy\spidermiddlewares\depth.py", line 58, in <genexpr>
    return (r for r in result or () if _filter(r))
  File "d:\python27\lib\site-packages\scrapy\spiders\crawl.py", line 78, in _parse_response
    for requests_or_item in iterate_spider_output(cb_res):
  File "D:\src\python-spider\2019-1-9\TencentSpider\TencentSpider\spiders\tencent.py", line 41, in parseTencent
    item['positionType'] = each.xpath("./td[2]/text()").extract()[0]
IndexError: list index out of range
2019-01-09 20:26:26 [scrapy.core.scraper] ERROR: Spider error processing <GET https://hr.tencent.com/position.php?lid=&tid=&keywords=%E8%AF%B7%E8%BE%93%E5%85%A5%E5%85%B3%E9%94%AE%E8%AF%8D&start=2590#a> (referer: https://hr.tencent.com/position.php?lid=&tid=&keywords=%E8%AF%B7%E8%BE%93%E5%85%A5%E5%85%B3%E9%94%AE%E8%AF%8D&start=2620)
Traceback (most recent call last):
  File "d:\python27\lib\site-packages\scrapy\utils\defer.py", line 102, in iter_errback
    yield next(it)
  File "d:\python27\lib\site-packages\scrapy\spidermiddlewares\offsite.py", line 30, in process_spider_output
    for x in result:
  File "d:\python27\lib\site-packages\scrapy\spidermiddlewares\referer.py", line 339, in <genexpr>
    return (_set_referer(r) for r in result or ())
  File "d:\python27\lib\site-packages\scrapy\spidermiddlewares\urllength.py", line 37, in <genexpr>
    return (r for r in result or () if _filter(r))
  File "d:\python27\lib\site-packages\scrapy\spidermiddlewares\depth.py", line 58, in <genexpr>
    return (r for r in result or () if _filter(r))
  File "d:\python27\lib\site-packages\scrapy\spiders\crawl.py", line 78, in _parse_response
    for requests_or_item in iterate_spider_output(cb_res):
  File "D:\src\python-spider\2019-1-9\TencentSpider\TencentSpider\spiders\tencent.py", line 41, in parseTencent
    item['positionType'] = each.xpath("./td[2]/text()").extract()[0]
IndexError: list index out of range
2019-01-09 20:26:29 [scrapy.core.scraper] ERROR: Spider error processing <GET https://hr.tencent.com/position.php?lid=&tid=&keywords=%E8%AF%B7%E8%BE%93%E5%85%A5%E5%85%B3%E9%94%AE%E8%AF%8D&start=470#a> (referer: https://hr.tencent.com/position.php?lid=&tid=&keywords=%E8%AF%B7%E8%BE%93%E5%85%A5%E5%85%B3%E9%94%AE%E8%AF%8D&start=450)
Traceback (most recent call last):
  File "d:\python27\lib\site-packages\scrapy\utils\defer.py", line 102, in iter_errback
    yield next(it)
  File "d:\python27\lib\site-packages\scrapy\spidermiddlewares\offsite.py", line 30, in process_spider_output
    for x in result:
  File "d:\python27\lib\site-packages\scrapy\spidermiddlewares\referer.py", line 339, in <genexpr>
    return (_set_referer(r) for r in result or ())
  File "d:\python27\lib\site-packages\scrapy\spidermiddlewares\urllength.py", line 37, in <genexpr>
    return (r for r in result or () if _filter(r))
  File "d:\python27\lib\site-packages\scrapy\spidermiddlewares\depth.py", line 58, in <genexpr>
    return (r for r in result or () if _filter(r))
  File "d:\python27\lib\site-packages\scrapy\spiders\crawl.py", line 78, in _parse_response
    for requests_or_item in iterate_spider_output(cb_res):
  File "D:\src\python-spider\2019-1-9\TencentSpider\TencentSpider\spiders\tencent.py", line 41, in parseTencent
    item['positionType'] = each.xpath("./td[2]/text()").extract()[0]
IndexError: list index out of range
2019-01-09 20:26:31 [scrapy.core.scraper] ERROR: Spider error processing <GET https://hr.tencent.com/position.php?lid=&tid=&keywords=%E8%AF%B7%E8%BE%93%E5%85%A5%E5%85%B3%E9%94%AE%E8%AF%8D&start=590#a> (referer: https://hr.tencent.com/position.php?lid=&tid=&keywords=%E8%AF%B7%E8%BE%93%E5%85%A5%E5%85%B3%E9%94%AE%E8%AF%8D&start=560)
Traceback (most recent call last):
  File "d:\python27\lib\site-packages\scrapy\utils\defer.py", line 102, in iter_errback
    yield next(it)
  File "d:\python27\lib\site-packages\scrapy\spidermiddlewares\offsite.py", line 30, in process_spider_output
    for x in result:
  File "d:\python27\lib\site-packages\scrapy\spidermiddlewares\referer.py", line 339, in <genexpr>
    return (_set_referer(r) for r in result or ())
  File "d:\python27\lib\site-packages\scrapy\spidermiddlewares\urllength.py", line 37, in <genexpr>
    return (r for r in result or () if _filter(r))
  File "d:\python27\lib\site-packages\scrapy\spidermiddlewares\depth.py", line 58, in <genexpr>
    return (r for r in result or () if _filter(r))
  File "d:\python27\lib\site-packages\scrapy\spiders\crawl.py", line 78, in _parse_response
    for requests_or_item in iterate_spider_output(cb_res):
  File "D:\src\python-spider\2019-1-9\TencentSpider\TencentSpider\spiders\tencent.py", line 41, in parseTencent
    item['positionType'] = each.xpath("./td[2]/text()").extract()[0]
IndexError: list index out of range
2019-01-09 20:26:31 [scrapy.core.scraper] ERROR: Spider error processing <GET https://hr.tencent.com/position.php?lid=&tid=&keywords=%E8%AF%B7%E8%BE%93%E5%85%A5%E5%85%B3%E9%94%AE%E8%AF%8D&start=600#a> (referer: https://hr.tencent.com/position.php?lid=&tid=&keywords=%E8%AF%B7%E8%BE%93%E5%85%A5%E5%85%B3%E9%94%AE%E8%AF%8D&start=570)
Traceback (most recent call last):
  File "d:\python27\lib\site-packages\scrapy\utils\defer.py", line 102, in iter_errback
    yield next(it)
  File "d:\python27\lib\site-packages\scrapy\spidermiddlewares\offsite.py", line 30, in process_spider_output
    for x in result:
  File "d:\python27\lib\site-packages\scrapy\spidermiddlewares\referer.py", line 339, in <genexpr>
    return (_set_referer(r) for r in result or ())
  File "d:\python27\lib\site-packages\scrapy\spidermiddlewares\urllength.py", line 37, in <genexpr>
    return (r for r in result or () if _filter(r))
  File "d:\python27\lib\site-packages\scrapy\spidermiddlewares\depth.py", line 58, in <genexpr>
    return (r for r in result or () if _filter(r))
  File "d:\python27\lib\site-packages\scrapy\spiders\crawl.py", line 78, in _parse_response
    for requests_or_item in iterate_spider_output(cb_res):
  File "D:\src\python-spider\2019-1-9\TencentSpider\TencentSpider\spiders\tencent.py", line 41, in parseTencent
    item['positionType'] = each.xpath("./td[2]/text()").extract()[0]
IndexError: list index out of range
2019-01-09 20:26:33 [scrapy.core.scraper] ERROR: Spider error processing <GET https://hr.tencent.com/position.php?lid=&tid=&keywords=%E8%AF%B7%E8%BE%93%E5%85%A5%E5%85%B3%E9%94%AE%E8%AF%8D&start=2000#a> (referer: https://hr.tencent.com/position.php?lid=&tid=&keywords=%E8%AF%B7%E8%BE%93%E5%85%A5%E5%85%B3%E9%94%AE%E8%AF%8D&start=2040)
Traceback (most recent call last):
  File "d:\python27\lib\site-packages\scrapy\utils\defer.py", line 102, in iter_errback
    yield next(it)
  File "d:\python27\lib\site-packages\scrapy\spidermiddlewares\offsite.py", line 30, in process_spider_output
    for x in result:
  File "d:\python27\lib\site-packages\scrapy\spidermiddlewares\referer.py", line 339, in <genexpr>
    return (_set_referer(r) for r in result or ())
  File "d:\python27\lib\site-packages\scrapy\spidermiddlewares\urllength.py", line 37, in <genexpr>
    return (r for r in result or () if _filter(r))
  File "d:\python27\lib\site-packages\scrapy\spidermiddlewares\depth.py", line 58, in <genexpr>
    return (r for r in result or () if _filter(r))
  File "d:\python27\lib\site-packages\scrapy\spiders\crawl.py", line 78, in _parse_response
    for requests_or_item in iterate_spider_output(cb_res):
  File "D:\src\python-spider\2019-1-9\TencentSpider\TencentSpider\spiders\tencent.py", line 41, in parseTencent
    item['positionType'] = each.xpath("./td[2]/text()").extract()[0]
IndexError: list index out of range
2019-01-09 20:26:33 [scrapy.core.scraper] ERROR: Spider error processing <GET https://hr.tencent.com/position.php?lid=&tid=&keywords=%E8%AF%B7%E8%BE%93%E5%85%A5%E5%85%B3%E9%94%AE%E8%AF%8D&start=710#a> (referer: https://hr.tencent.com/position.php?lid=&tid=&keywords=%E8%AF%B7%E8%BE%93%E5%85%A5%E5%85%B3%E9%94%AE%E8%AF%8D&start=680)
Traceback (most recent call last):
  File "d:\python27\lib\site-packages\scrapy\utils\defer.py", line 102, in iter_errback
    yield next(it)
  File "d:\python27\lib\site-packages\scrapy\spidermiddlewares\offsite.py", line 30, in process_spider_output
    for x in result:
  File "d:\python27\lib\site-packages\scrapy\spidermiddlewares\referer.py", line 339, in <genexpr>
    return (_set_referer(r) for r in result or ())
  File "d:\python27\lib\site-packages\scrapy\spidermiddlewares\urllength.py", line 37, in <genexpr>
    return (r for r in result or () if _filter(r))
  File "d:\python27\lib\site-packages\scrapy\spidermiddlewares\depth.py", line 58, in <genexpr>
    return (r for r in result or () if _filter(r))
  File "d:\python27\lib\site-packages\scrapy\spiders\crawl.py", line 78, in _parse_response
    for requests_or_item in iterate_spider_output(cb_res):
  File "D:\src\python-spider\2019-1-9\TencentSpider\TencentSpider\spiders\tencent.py", line 41, in parseTencent
    item['positionType'] = each.xpath("./td[2]/text()").extract()[0]
IndexError: list index out of range
2019-01-09 20:26:33 [scrapy.core.scraper] ERROR: Spider error processing <GET https://hr.tencent.com/position.php?lid=&tid=&keywords=%E8%AF%B7%E8%BE%93%E5%85%A5%E5%85%B3%E9%94%AE%E8%AF%8D&start=730#a> (referer: https://hr.tencent.com/position.php?lid=&tid=&keywords=%E8%AF%B7%E8%BE%93%E5%85%A5%E5%85%B3%E9%94%AE%E8%AF%8D&start=700)
Traceback (most recent call last):
  File "d:\python27\lib\site-packages\scrapy\utils\defer.py", line 102, in iter_errback
    yield next(it)
  File "d:\python27\lib\site-packages\scrapy\spidermiddlewares\offsite.py", line 30, in process_spider_output
    for x in result:
  File "d:\python27\lib\site-packages\scrapy\spidermiddlewares\referer.py", line 339, in <genexpr>
    return (_set_referer(r) for r in result or ())
  File "d:\python27\lib\site-packages\scrapy\spidermiddlewares\urllength.py", line 37, in <genexpr>
    return (r for r in result or () if _filter(r))
  File "d:\python27\lib\site-packages\scrapy\spidermiddlewares\depth.py", line 58, in <genexpr>
    return (r for r in result or () if _filter(r))
  File "d:\python27\lib\site-packages\scrapy\spiders\crawl.py", line 78, in _parse_response
    for requests_or_item in iterate_spider_output(cb_res):
  File "D:\src\python-spider\2019-1-9\TencentSpider\TencentSpider\spiders\tencent.py", line 41, in parseTencent
    item['positionType'] = each.xpath("./td[2]/text()").extract()[0]
IndexError: list index out of range
2019-01-09 20:26:34 [scrapy.core.scraper] ERROR: Spider error processing <GET https://hr.tencent.com/position.php?lid=&tid=&keywords=%E8%AF%B7%E8%BE%93%E5%85%A5%E5%85%B3%E9%94%AE%E8%AF%8D&start=780#a> (referer: https://hr.tencent.com/position.php?lid=&tid=&keywords=%E8%AF%B7%E8%BE%93%E5%85%A5%E5%85%B3%E9%94%AE%E8%AF%8D&start=750)
Traceback (most recent call last):
  File "d:\python27\lib\site-packages\scrapy\utils\defer.py", line 102, in iter_errback
    yield next(it)
  File "d:\python27\lib\site-packages\scrapy\spidermiddlewares\offsite.py", line 30, in process_spider_output
    for x in result:
  File "d:\python27\lib\site-packages\scrapy\spidermiddlewares\referer.py", line 339, in <genexpr>
    return (_set_referer(r) for r in result or ())
  File "d:\python27\lib\site-packages\scrapy\spidermiddlewares\urllength.py", line 37, in <genexpr>
    return (r for r in result or () if _filter(r))
  File "d:\python27\lib\site-packages\scrapy\spidermiddlewares\depth.py", line 58, in <genexpr>
    return (r for r in result or () if _filter(r))
  File "d:\python27\lib\site-packages\scrapy\spiders\crawl.py", line 78, in _parse_response
    for requests_or_item in iterate_spider_output(cb_res):
  File "D:\src\python-spider\2019-1-9\TencentSpider\TencentSpider\spiders\tencent.py", line 41, in parseTencent
    item['positionType'] = each.xpath("./td[2]/text()").extract()[0]
IndexError: list index out of range
2019-01-09 20:26:35 [scrapy.core.scraper] ERROR: Spider error processing <GET https://hr.tencent.com/position.php?lid=&tid=&keywords=%E8%AF%B7%E8%BE%93%E5%85%A5%E5%85%B3%E9%94%AE%E8%AF%8D&start=860#a> (referer: https://hr.tencent.com/position.php?lid=&tid=&keywords=%E8%AF%B7%E8%BE%93%E5%85%A5%E5%85%B3%E9%94%AE%E8%AF%8D&start=830)
Traceback (most recent call last):
  File "d:\python27\lib\site-packages\scrapy\utils\defer.py", line 102, in iter_errback
    yield next(it)
  File "d:\python27\lib\site-packages\scrapy\spidermiddlewares\offsite.py", line 30, in process_spider_output
    for x in result:
  File "d:\python27\lib\site-packages\scrapy\spidermiddlewares\referer.py", line 339, in <genexpr>
    return (_set_referer(r) for r in result or ())
  File "d:\python27\lib\site-packages\scrapy\spidermiddlewares\urllength.py", line 37, in <genexpr>
    return (r for r in result or () if _filter(r))
  File "d:\python27\lib\site-packages\scrapy\spidermiddlewares\depth.py", line 58, in <genexpr>
    return (r for r in result or () if _filter(r))
  File "d:\python27\lib\site-packages\scrapy\spiders\crawl.py", line 78, in _parse_response
    for requests_or_item in iterate_spider_output(cb_res):
  File "D:\src\python-spider\2019-1-9\TencentSpider\TencentSpider\spiders\tencent.py", line 41, in parseTencent
    item['positionType'] = each.xpath("./td[2]/text()").extract()[0]
IndexError: list index out of range
2019-01-09 20:26:36 [scrapy.core.scraper] ERROR: Spider error processing <GET https://hr.tencent.com/position.php?lid=&tid=&keywords=%E8%AF%B7%E8%BE%93%E5%85%A5%E5%85%B3%E9%94%AE%E8%AF%8D&start=1730#a> (referer: https://hr.tencent.com/position.php?lid=&tid=&keywords=%E8%AF%B7%E8%BE%93%E5%85%A5%E5%85%B3%E9%94%AE%E8%AF%8D&start=1770)
Traceback (most recent call last):
  File "d:\python27\lib\site-packages\scrapy\utils\defer.py", line 102, in iter_errback
    yield next(it)
  File "d:\python27\lib\site-packages\scrapy\spidermiddlewares\offsite.py", line 30, in process_spider_output
    for x in result:
  File "d:\python27\lib\site-packages\scrapy\spidermiddlewares\referer.py", line 339, in <genexpr>
    return (_set_referer(r) for r in result or ())
  File "d:\python27\lib\site-packages\scrapy\spidermiddlewares\urllength.py", line 37, in <genexpr>
    return (r for r in result or () if _filter(r))
  File "d:\python27\lib\site-packages\scrapy\spidermiddlewares\depth.py", line 58, in <genexpr>
    return (r for r in result or () if _filter(r))
  File "d:\python27\lib\site-packages\scrapy\spiders\crawl.py", line 78, in _parse_response
    for requests_or_item in iterate_spider_output(cb_res):
  File "D:\src\python-spider\2019-1-9\TencentSpider\TencentSpider\spiders\tencent.py", line 41, in parseTencent
    item['positionType'] = each.xpath("./td[2]/text()").extract()[0]
IndexError: list index out of range
2019-01-09 20:26:36 [scrapy.core.scraper] ERROR: Spider error processing <GET https://hr.tencent.com/position.php?lid=&tid=&keywords=%E8%AF%B7%E8%BE%93%E5%85%A5%E5%85%B3%E9%94%AE%E8%AF%8D&start=1680#a> (referer: https://hr.tencent.com/position.php?lid=&tid=&keywords=%E8%AF%B7%E8%BE%93%E5%85%A5%E5%85%B3%E9%94%AE%E8%AF%8D&start=1720)
Traceback (most recent call last):
  File "d:\python27\lib\site-packages\scrapy\utils\defer.py", line 102, in iter_errback
    yield next(it)
  File "d:\python27\lib\site-packages\scrapy\spidermiddlewares\offsite.py", line 30, in process_spider_output
    for x in result:
  File "d:\python27\lib\site-packages\scrapy\spidermiddlewares\referer.py", line 339, in <genexpr>
    return (_set_referer(r) for r in result or ())
  File "d:\python27\lib\site-packages\scrapy\spidermiddlewares\urllength.py", line 37, in <genexpr>
    return (r for r in result or () if _filter(r))
  File "d:\python27\lib\site-packages\scrapy\spidermiddlewares\depth.py", line 58, in <genexpr>
    return (r for r in result or () if _filter(r))
  File "d:\python27\lib\site-packages\scrapy\spiders\crawl.py", line 78, in _parse_response
    for requests_or_item in iterate_spider_output(cb_res):
  File "D:\src\python-spider\2019-1-9\TencentSpider\TencentSpider\spiders\tencent.py", line 41, in parseTencent
    item['positionType'] = each.xpath("./td[2]/text()").extract()[0]
IndexError: list index out of range
2019-01-09 20:26:36 [scrapy.core.scraper] ERROR: Spider error processing <GET https://hr.tencent.com/position.php?lid=&tid=&keywords=%E8%AF%B7%E8%BE%93%E5%85%A5%E5%85%B3%E9%94%AE%E8%AF%8D&start=1670#a> (referer: https://hr.tencent.com/position.php?lid=&tid=&keywords=%E8%AF%B7%E8%BE%93%E5%85%A5%E5%85%B3%E9%94%AE%E8%AF%8D&start=1710)
Traceback (most recent call last):
  File "d:\python27\lib\site-packages\scrapy\utils\defer.py", line 102, in iter_errback
    yield next(it)
  File "d:\python27\lib\site-packages\scrapy\spidermiddlewares\offsite.py", line 30, in process_spider_output
    for x in result:
  File "d:\python27\lib\site-packages\scrapy\spidermiddlewares\referer.py", line 339, in <genexpr>
    return (_set_referer(r) for r in result or ())
  File "d:\python27\lib\site-packages\scrapy\spidermiddlewares\urllength.py", line 37, in <genexpr>
    return (r for r in result or () if _filter(r))
  File "d:\python27\lib\site-packages\scrapy\spidermiddlewares\depth.py", line 58, in <genexpr>
    return (r for r in result or () if _filter(r))
  File "d:\python27\lib\site-packages\scrapy\spiders\crawl.py", line 78, in _parse_response
    for requests_or_item in iterate_spider_output(cb_res):
  File "D:\src\python-spider\2019-1-9\TencentSpider\TencentSpider\spiders\tencent.py", line 41, in parseTencent
    item['positionType'] = each.xpath("./td[2]/text()").extract()[0]
IndexError: list index out of range
2019-01-09 20:26:37 [scrapy.core.scraper] ERROR: Spider error processing <GET https://hr.tencent.com/position.php?lid=&tid=&keywords=%E8%AF%B7%E8%BE%93%E5%85%A5%E5%85%B3%E9%94%AE%E8%AF%8D&start=1650#a> (referer: https://hr.tencent.com/position.php?lid=&tid=&keywords=%E8%AF%B7%E8%BE%93%E5%85%A5%E5%85%B3%E9%94%AE%E8%AF%8D&start=1690)
Traceback (most recent call last):
  File "d:\python27\lib\site-packages\scrapy\utils\defer.py", line 102, in iter_errback
    yield next(it)
  File "d:\python27\lib\site-packages\scrapy\spidermiddlewares\offsite.py", line 30, in process_spider_output
    for x in result:
  File "d:\python27\lib\site-packages\scrapy\spidermiddlewares\referer.py", line 339, in <genexpr>
    return (_set_referer(r) for r in result or ())
  File "d:\python27\lib\site-packages\scrapy\spidermiddlewares\urllength.py", line 37, in <genexpr>
    return (r for r in result or () if _filter(r))
  File "d:\python27\lib\site-packages\scrapy\spidermiddlewares\depth.py", line 58, in <genexpr>
    return (r for r in result or () if _filter(r))
  File "d:\python27\lib\site-packages\scrapy\spiders\crawl.py", line 78, in _parse_response
    for requests_or_item in iterate_spider_output(cb_res):
  File "D:\src\python-spider\2019-1-9\TencentSpider\TencentSpider\spiders\tencent.py", line 41, in parseTencent
    item['positionType'] = each.xpath("./td[2]/text()").extract()[0]
IndexError: list index out of range
2019-01-09 20:26:37 [scrapy.core.scraper] ERROR: Spider error processing <GET https://hr.tencent.com/position.php?lid=&tid=&keywords=%E8%AF%B7%E8%BE%93%E5%85%A5%E5%85%B3%E9%94%AE%E8%AF%8D&start=950#a> (referer: https://hr.tencent.com/position.php?lid=&tid=&keywords=%E8%AF%B7%E8%BE%93%E5%85%A5%E5%85%B3%E9%94%AE%E8%AF%8D&start=920)
Traceback (most recent call last):
  File "d:\python27\lib\site-packages\scrapy\utils\defer.py", line 102, in iter_errback
    yield next(it)
  File "d:\python27\lib\site-packages\scrapy\spidermiddlewares\offsite.py", line 30, in process_spider_output
    for x in result:
  File "d:\python27\lib\site-packages\scrapy\spidermiddlewares\referer.py", line 339, in <genexpr>
    return (_set_referer(r) for r in result or ())
  File "d:\python27\lib\site-packages\scrapy\spidermiddlewares\urllength.py", line 37, in <genexpr>
    return (r for r in result or () if _filter(r))
  File "d:\python27\lib\site-packages\scrapy\spidermiddlewares\depth.py", line 58, in <genexpr>
    return (r for r in result or () if _filter(r))
  File "d:\python27\lib\site-packages\scrapy\spiders\crawl.py", line 78, in _parse_response
    for requests_or_item in iterate_spider_output(cb_res):
  File "D:\src\python-spider\2019-1-9\TencentSpider\TencentSpider\spiders\tencent.py", line 41, in parseTencent
    item['positionType'] = each.xpath("./td[2]/text()").extract()[0]
IndexError: list index out of range
2019-01-09 20:26:40 [scrapy.core.scraper] ERROR: Spider error processing <GET https://hr.tencent.com/position.php?lid=&tid=&keywords=%E8%AF%B7%E8%BE%93%E5%85%A5%E5%85%B3%E9%94%AE%E8%AF%8D&start=1400#a> (referer: https://hr.tencent.com/position.php?lid=&tid=&keywords=%E8%AF%B7%E8%BE%93%E5%85%A5%E5%85%B3%E9%94%AE%E8%AF%8D&start=1440)
Traceback (most recent call last):
  File "d:\python27\lib\site-packages\scrapy\utils\defer.py", line 102, in iter_errback
    yield next(it)
  File "d:\python27\lib\site-packages\scrapy\spidermiddlewares\offsite.py", line 30, in process_spider_output
    for x in result:
  File "d:\python27\lib\site-packages\scrapy\spidermiddlewares\referer.py", line 339, in <genexpr>
    return (_set_referer(r) for r in result or ())
  File "d:\python27\lib\site-packages\scrapy\spidermiddlewares\urllength.py", line 37, in <genexpr>
    return (r for r in result or () if _filter(r))
  File "d:\python27\lib\site-packages\scrapy\spidermiddlewares\depth.py", line 58, in <genexpr>
    return (r for r in result or () if _filter(r))
  File "d:\python27\lib\site-packages\scrapy\spiders\crawl.py", line 78, in _parse_response
    for requests_or_item in iterate_spider_output(cb_res):
  File "D:\src\python-spider\2019-1-9\TencentSpider\TencentSpider\spiders\tencent.py", line 41, in parseTencent
    item['positionType'] = each.xpath("./td[2]/text()").extract()[0]
IndexError: list index out of range
2019-01-09 20:26:40 [scrapy.core.scraper] ERROR: Spider error processing <GET https://hr.tencent.com/position.php?lid=&tid=&keywords=%E8%AF%B7%E8%BE%93%E5%85%A5%E5%85%B3%E9%94%AE%E8%AF%8D&start=1370#a> (referer: https://hr.tencent.com/position.php?lid=&tid=&keywords=%E8%AF%B7%E8%BE%93%E5%85%A5%E5%85%B3%E9%94%AE%E8%AF%8D&start=1410)
Traceback (most recent call last):
  File "d:\python27\lib\site-packages\scrapy\utils\defer.py", line 102, in iter_errback
    yield next(it)
  File "d:\python27\lib\site-packages\scrapy\spidermiddlewares\offsite.py", line 30, in process_spider_output
    for x in result:
  File "d:\python27\lib\site-packages\scrapy\spidermiddlewares\referer.py", line 339, in <genexpr>
    return (_set_referer(r) for r in result or ())
  File "d:\python27\lib\site-packages\scrapy\spidermiddlewares\urllength.py", line 37, in <genexpr>
    return (r for r in result or () if _filter(r))
  File "d:\python27\lib\site-packages\scrapy\spidermiddlewares\depth.py", line 58, in <genexpr>
    return (r for r in result or () if _filter(r))
  File "d:\python27\lib\site-packages\scrapy\spiders\crawl.py", line 78, in _parse_response
    for requests_or_item in iterate_spider_output(cb_res):
  File "D:\src\python-spider\2019-1-9\TencentSpider\TencentSpider\spiders\tencent.py", line 41, in parseTencent
    item['positionType'] = each.xpath("./td[2]/text()").extract()[0]
IndexError: list index out of range
2019-01-09 20:26:41 [scrapy.core.scraper] ERROR: Spider error processing <GET https://hr.tencent.com/position.php?lid=&tid=&keywords=%E8%AF%B7%E8%BE%93%E5%85%A5%E5%85%B3%E9%94%AE%E8%AF%8D&start=1300#a> (referer: https://hr.tencent.com/position.php?lid=&tid=&keywords=%E8%AF%B7%E8%BE%93%E5%85%A5%E5%85%B3%E9%94%AE%E8%AF%8D&start=1340)
Traceback (most recent call last):
  File "d:\python27\lib\site-packages\scrapy\utils\defer.py", line 102, in iter_errback
    yield next(it)
  File "d:\python27\lib\site-packages\scrapy\spidermiddlewares\offsite.py", line 30, in process_spider_output
    for x in result:
  File "d:\python27\lib\site-packages\scrapy\spidermiddlewares\referer.py", line 339, in <genexpr>
    return (_set_referer(r) for r in result or ())
  File "d:\python27\lib\site-packages\scrapy\spidermiddlewares\urllength.py", line 37, in <genexpr>
    return (r for r in result or () if _filter(r))
  File "d:\python27\lib\site-packages\scrapy\spidermiddlewares\depth.py", line 58, in <genexpr>
    return (r for r in result or () if _filter(r))
  File "d:\python27\lib\site-packages\scrapy\spiders\crawl.py", line 78, in _parse_response
    for requests_or_item in iterate_spider_output(cb_res):
  File "D:\src\python-spider\2019-1-9\TencentSpider\TencentSpider\spiders\tencent.py", line 41, in parseTencent
    item['positionType'] = each.xpath("./td[2]/text()").extract()[0]
IndexError: list index out of range
2019-01-09 20:26:41 [scrapy.core.scraper] ERROR: Spider error processing <GET https://hr.tencent.com/position.php?lid=&tid=&keywords=%E8%AF%B7%E8%BE%93%E5%85%A5%E5%85%B3%E9%94%AE%E8%AF%8D&start=1270#a> (referer: https://hr.tencent.com/position.php?lid=&tid=&keywords=%E8%AF%B7%E8%BE%93%E5%85%A5%E5%85%B3%E9%94%AE%E8%AF%8D&start=1310)
Traceback (most recent call last):
  File "d:\python27\lib\site-packages\scrapy\utils\defer.py", line 102, in iter_errback
    yield next(it)
  File "d:\python27\lib\site-packages\scrapy\spidermiddlewares\offsite.py", line 30, in process_spider_output
    for x in result:
  File "d:\python27\lib\site-packages\scrapy\spidermiddlewares\referer.py", line 339, in <genexpr>
    return (_set_referer(r) for r in result or ())
  File "d:\python27\lib\site-packages\scrapy\spidermiddlewares\urllength.py", line 37, in <genexpr>
    return (r for r in result or () if _filter(r))
  File "d:\python27\lib\site-packages\scrapy\spidermiddlewares\depth.py", line 58, in <genexpr>
    return (r for r in result or () if _filter(r))
  File "d:\python27\lib\site-packages\scrapy\spiders\crawl.py", line 78, in _parse_response
    for requests_or_item in iterate_spider_output(cb_res):
  File "D:\src\python-spider\2019-1-9\TencentSpider\TencentSpider\spiders\tencent.py", line 41, in parseTencent
    item['positionType'] = each.xpath("./td[2]/text()").extract()[0]
IndexError: list index out of range
2019-01-09 20:26:41 [scrapy.core.engine] INFO: Closing spider (finished)
2019-01-09 20:26:41 [scrapy.core.engine] ERROR: Scraper close failure
Traceback (most recent call last):
  File "d:\python27\lib\site-packages\twisted\internet\defer.py", line 654, in _runCallbacks
    current.result = callback(current.result, *args, **kw)
TypeError: close_spider() takes exactly 1 argument (2 given)
2019-01-09 20:26:41 [scrapy.statscollectors] INFO: Dumping Scrapy stats:
{'downloader/request_bytes': 167199,
 'downloader/request_count': 288,
 'downloader/request_method_count/GET': 288,
 'downloader/response_bytes': 1198511,
 'downloader/response_count': 288,
 'downloader/response_status_count/200': 288,
 'dupefilter/filtered': 1821,
 'finish_reason': 'finished',
 'finish_time': datetime.datetime(2019, 1, 9, 12, 26, 41, 988000),
 'item_scraped_count': 2716,
 'log_count/ERROR': 25,
 'log_count/INFO': 7,
 'request_depth_max': 43,
 'response_received_count': 288,
 'scheduler/dequeued': 288,
 'scheduler/dequeued/memory': 288,
 'scheduler/enqueued': 288,
 'scheduler/enqueued/memory': 288,
 'spider_exceptions/IndexError': 24,
 'start_time': datetime.datetime(2019, 1, 9, 12, 26, 22, 301000)}
2019-01-09 20:26:41 [scrapy.core.engine] INFO: Spider closed (finished)
